{"name": "Переход на страницу \"Статус заказа\" из хедера", "status": "broken", "statusDetails": {"message": "selenium.common.exceptions.TimeoutException: Message: \nStacktrace:\nRemoteError@chrome://remote/content/shared/RemoteError.sys.mjs:8:8\nWebDriverError@chrome://remote/content/shared/webdriver/Errors.sys.mjs:202:5\nNoSuchElementError@chrome://remote/content/shared/webdriver/Errors.sys.mjs:555:5\ndom.find/</<@chrome://remote/content/shared/DOM.sys.mjs:136:16", "trace": "self = <tests.test_header_page.TestMainPageHeader object at 0x000001597A3602D0>\ndriver = <selenium.webdriver.firefox.webdriver.WebDriver (session=\"8501fe63-16c2-400b-ae3e-16f3d71f2924\")>\n\n    @allure.title('Переход на страницу \"Статус заказа\" из хедера')\n    def test_open_order_status_from_header(self, driver):\n        header = Header(driver)\n        main_page = MainPage(driver)\n    \n        main_page.accept_cookies()\n>       header.open_order_status()\n\ntests\\test_header_page.py:43: \n_ _ _ _ _ _ _ _ _ _ _ _ _ _ _ _ _ _ _ _ _ _ _ _ _ _ _ _ _ _ _ _ _ _ _ _ _ _ _ _ _ _ _ _ _ _ _ _ _ _ _ _ _ _ _ _ _ _ _ _ _ _ _ _ _ _ _ _ _\npages\\home_page.py:25: in open_order_status\n    self.click(HeaderLocators.ORDER_STATUS_BUTTON)\npages\\base_page.py:43: in click\n    self.wait_clickable(locator).click()\n    ^^^^^^^^^^^^^^^^^^^^^^^^^^^^\npages\\base_page.py:24: in wait_clickable\n    return WebDriverWait(self.driver, timeout or self.timeout).until(\n_ _ _ _ _ _ _ _ _ _ _ _ _ _ _ _ _ _ _ _ _ _ _ _ _ _ _ _ _ _ _ _ _ _ _ _ _ _ _ _ _ _ _ _ _ _ _ _ _ _ _ _ _ _ _ _ _ _ _ _ _ _ _ _ _ _ _ _ _\n\nself = <selenium.webdriver.support.wait.WebDriverWait (session=\"8501fe63-16c2-400b-ae3e-16f3d71f2924\")>\nmethod = <function element_to_be_clickable.<locals>._predicate at 0x000001597A3BE0C0>, message = ''\n\n    def until(self, method: Callable[[D], Union[Literal[False], T]], message: str = \"\") -> T:\n        \"\"\"Calls the method provided with the driver as an argument until the \\\n        return value does not evaluate to ``False``.\n    \n        :param method: callable(WebDriver)\n        :param message: optional message for :exc:`TimeoutException`\n        :returns: the result of the last call to `method`\n        :raises: :exc:`selenium.common.exceptions.TimeoutException` if timeout occurs\n        \"\"\"\n        screen = None\n        stacktrace = None\n    \n        end_time = time.monotonic() + self._timeout\n        while True:\n            try:\n                value = method(self._driver)\n                if value:\n                    return value\n            except self._ignored_exceptions as exc:\n                screen = getattr(exc, \"screen\", None)\n                stacktrace = getattr(exc, \"stacktrace\", None)\n            time.sleep(self._poll)\n            if time.monotonic() > end_time:\n                break\n>       raise TimeoutException(message, screen, stacktrace)\nE       selenium.common.exceptions.TimeoutException: Message: \nE       Stacktrace:\nE       RemoteError@chrome://remote/content/shared/RemoteError.sys.mjs:8:8\nE       WebDriverError@chrome://remote/content/shared/webdriver/Errors.sys.mjs:202:5\nE       NoSuchElementError@chrome://remote/content/shared/webdriver/Errors.sys.mjs:555:5\nE       dom.find/</<@chrome://remote/content/shared/DOM.sys.mjs:136:16\n\n.venv\\Lib\\site-packages\\selenium\\webdriver\\support\\wait.py:105: TimeoutException"}, "steps": [{"name": "Принять cookies (если есть)", "status": "passed", "start": 1764231685733, "stop": 1764231685827}, {"name": "Открыть страницу \"Статус заказа\"", "status": "broken", "statusDetails": {"message": "selenium.common.exceptions.TimeoutException: Message: \nStacktrace:\nRemoteError@chrome://remote/content/shared/RemoteError.sys.mjs:8:8\nWebDriverError@chrome://remote/content/shared/webdriver/Errors.sys.mjs:202:5\nNoSuchElementError@chrome://remote/content/shared/webdriver/Errors.sys.mjs:555:5\ndom.find/</<@chrome://remote/content/shared/DOM.sys.mjs:136:16\n\n", "trace": "  File \"c:\\VCE\\Python\\qa_pyton_sprint_6\\.venv\\Lib\\site-packages\\allure_commons\\_allure.py\", line 202, in impl\n    return func(*a, **kw)\n           ^^^^^^^^^^^^^^\n  File \"C:\\VCE\\Python\\qa_pyton_sprint_6\\pages\\home_page.py\", line 25, in open_order_status\n    self.click(HeaderLocators.ORDER_STATUS_BUTTON)\n  File \"C:\\VCE\\Python\\qa_pyton_sprint_6\\pages\\base_page.py\", line 43, in click\n    self.wait_clickable(locator).click()\n    ^^^^^^^^^^^^^^^^^^^^^^^^^^^^\n  File \"C:\\VCE\\Python\\qa_pyton_sprint_6\\pages\\base_page.py\", line 24, in wait_clickable\n    return WebDriverWait(self.driver, timeout or self.timeout).until(\n           ^^^^^^^^^^^^^^^^^^^^^^^^^^^^^^^^^^^^^^^^^^^^^^^^^^^^^^^^^^\n  File \"c:\\VCE\\Python\\qa_pyton_sprint_6\\.venv\\Lib\\site-packages\\selenium\\webdriver\\support\\wait.py\", line 105, in until\n    raise TimeoutException(message, screen, stacktrace)\n"}, "start": 1764231685827, "stop": 1764231695927}], "start": 1764231685733, "stop": 1764231695929, "uuid": "4f2092b0-357e-48d6-83e8-acce0bf9153a", "historyId": "a3dfd9b6544403216b97032e8c37feea", "testCaseId": "a3dfd9b6544403216b97032e8c37feea", "fullName": "tests.test_header_page.TestMainPageHeader#test_open_order_status_from_header", "labels": [{"name": "parentSuite", "value": "tests"}, {"name": "suite", "value": "test_header_page"}, {"name": "subSuite", "value": "TestMainPageHeader"}, {"name": "host", "value": "DESKTOP-LT83U2L"}, {"name": "thread", "value": "11132-MainThread"}, {"name": "framework", "value": "pytest"}, {"name": "language", "value": "cpython3"}, {"name": "package", "value": "tests.test_header_page"}], "titlePath": ["tests", "test_header_page.py", "TestMainPageHeader"]}