{"name": "Позитивный сценарий заказа самоката через кнопку \"Заказать\" в хедере", "status": "broken", "statusDetails": {"message": "selenium.common.exceptions.TimeoutException: Message: \nStacktrace:\nRemoteError@chrome://remote/content/shared/RemoteError.sys.mjs:8:8\nWebDriverError@chrome://remote/content/shared/webdriver/Errors.sys.mjs:202:5\nNoSuchElementError@chrome://remote/content/shared/webdriver/Errors.sys.mjs:555:5\ndom.find/</<@chrome://remote/content/shared/DOM.sys.mjs:136:16", "trace": "self = <tests.test_order_page.TestOrderFlow object at 0x0000026FA126A050>\ndriver = <selenium.webdriver.firefox.webdriver.WebDriver (session=\"01da74b5-e814-4e4a-8e56-7b3cd85db3e1\")>\ncreate_order = <function create_order.<locals>._create_order at 0x0000026FA12F2160>\nuser = OrderUser(first_name='Дана', last_name='Волкова', address='Москва, ул. Поляны, д. 5', metro='Парк культуры', phone='89779899999', delivery_date='23.09.2025', comment='Оставьте у подъезда')\n\n    @allure.title('Позитивный сценарий заказа самоката через кнопку \"Заказать\" в хедере')\n    @allure.description(\n        '1) Принимаем cookie; '\n        '2) Нажимаем \"Заказать\" в хедере; '\n        '3) Заполняем форму \"Для кого самокат\"; '\n        '4) Заполняем форму \"Про аренду\"; '\n        '5) Подтверждаем заказ; '\n        '6) Переходим на страницу статуса заказа; '\n        '7) По клику на логотип \"Самокат\" возвращаемся на главную; '\n        '8) Проверяем, что показано окно \"Заказ оформлен\" и произошёл переход на главную страницу.'\n    )\n    @pytest.mark.parametrize(\"user\", ORDER_USERS)\n    def test_order_from_header(self, driver, create_order, user):\n        header = Header(driver)\n        main_page = MainPage(driver)\n    \n        main_page.accept_cookies()\n>       header.open_order_form_from_header()\n\ntests\\test_order_page.py:29: \n_ _ _ _ _ _ _ _ _ _ _ _ _ _ _ _ _ _ _ _ _ _ _ _ _ _ _ _ _ _ _ _ _ _ _ _ _ _ _ _ _ _ _ _ _ _ _ _ _ _ _ _ _ _ _ _ _ _ _ _ _ _ _ _ _ _ _ _ _\npages\\home_page.py:22: in open_order_form_from_header\n    self.click(HeaderLocators.ORDER_BUTTON)\npages\\base_page.py:25: in click\n    self.wait_clickable(locator).click()\n    ^^^^^^^^^^^^^^^^^^^^^^^^^^^^\npages\\base_page.py:20: in wait_clickable\n    return WebDriverWait(self.driver, self.timeout).until(\n_ _ _ _ _ _ _ _ _ _ _ _ _ _ _ _ _ _ _ _ _ _ _ _ _ _ _ _ _ _ _ _ _ _ _ _ _ _ _ _ _ _ _ _ _ _ _ _ _ _ _ _ _ _ _ _ _ _ _ _ _ _ _ _ _ _ _ _ _\n\nself = <selenium.webdriver.support.wait.WebDriverWait (session=\"01da74b5-e814-4e4a-8e56-7b3cd85db3e1\")>\nmethod = <function element_to_be_clickable.<locals>._predicate at 0x0000026FA122B2E0>, message = ''\n\n    def until(self, method: Callable[[D], Union[Literal[False], T]], message: str = \"\") -> T:\n        \"\"\"Calls the method provided with the driver as an argument until the \\\n        return value does not evaluate to ``False``.\n    \n        :param method: callable(WebDriver)\n        :param message: optional message for :exc:`TimeoutException`\n        :returns: the result of the last call to `method`\n        :raises: :exc:`selenium.common.exceptions.TimeoutException` if timeout occurs\n        \"\"\"\n        screen = None\n        stacktrace = None\n    \n        end_time = time.monotonic() + self._timeout\n        while True:\n            try:\n                value = method(self._driver)\n                if value:\n                    return value\n            except self._ignored_exceptions as exc:\n                screen = getattr(exc, \"screen\", None)\n                stacktrace = getattr(exc, \"stacktrace\", None)\n            time.sleep(self._poll)\n            if time.monotonic() > end_time:\n                break\n>       raise TimeoutException(message, screen, stacktrace)\nE       selenium.common.exceptions.TimeoutException: Message: \nE       Stacktrace:\nE       RemoteError@chrome://remote/content/shared/RemoteError.sys.mjs:8:8\nE       WebDriverError@chrome://remote/content/shared/webdriver/Errors.sys.mjs:202:5\nE       NoSuchElementError@chrome://remote/content/shared/webdriver/Errors.sys.mjs:555:5\nE       dom.find/</<@chrome://remote/content/shared/DOM.sys.mjs:136:16\n\n.venv\\Lib\\site-packages\\selenium\\webdriver\\support\\wait.py:105: TimeoutException"}, "description": "1) Принимаем cookie; 2) Нажимаем \"Заказать\" в хедере; 3) Заполняем форму \"Для кого самокат\"; 4) Заполняем форму \"Про аренду\"; 5) Подтверждаем заказ; 6) Переходим на страницу статуса заказа; 7) По клику на логотип \"Самокат\" возвращаемся на главную; 8) Проверяем, что показано окно \"Заказ оформлен\" и произошёл переход на главную страницу.", "steps": [{"name": "Принимаем cookie на главной странице", "status": "passed", "start": 1764234086153, "stop": 1764234086252}, {"name": "Открываем форму заказа по кнопке \"Заказать\" в хедере", "status": "broken", "statusDetails": {"message": "selenium.common.exceptions.TimeoutException: Message: \nStacktrace:\nRemoteError@chrome://remote/content/shared/RemoteError.sys.mjs:8:8\nWebDriverError@chrome://remote/content/shared/webdriver/Errors.sys.mjs:202:5\nNoSuchElementError@chrome://remote/content/shared/webdriver/Errors.sys.mjs:555:5\ndom.find/</<@chrome://remote/content/shared/DOM.sys.mjs:136:16\n\n", "trace": "  File \"c:\\VCE\\Python\\qa_pyton_sprint_6\\.venv\\Lib\\site-packages\\allure_commons\\_allure.py\", line 202, in impl\n    return func(*a, **kw)\n           ^^^^^^^^^^^^^^\n  File \"C:\\VCE\\Python\\qa_pyton_sprint_6\\pages\\home_page.py\", line 22, in open_order_form_from_header\n    self.click(HeaderLocators.ORDER_BUTTON)\n  File \"C:\\VCE\\Python\\qa_pyton_sprint_6\\pages\\base_page.py\", line 25, in click\n    self.wait_clickable(locator).click()\n    ^^^^^^^^^^^^^^^^^^^^^^^^^^^^\n  File \"C:\\VCE\\Python\\qa_pyton_sprint_6\\pages\\base_page.py\", line 20, in wait_clickable\n    return WebDriverWait(self.driver, self.timeout).until(\n           ^^^^^^^^^^^^^^^^^^^^^^^^^^^^^^^^^^^^^^^^^^^^^^^\n  File \"c:\\VCE\\Python\\qa_pyton_sprint_6\\.venv\\Lib\\site-packages\\selenium\\webdriver\\support\\wait.py\", line 105, in until\n    raise TimeoutException(message, screen, stacktrace)\n"}, "start": 1764234086252, "stop": 1764234096327}], "parameters": [{"name": "user", "value": "OrderUser(first_name='Дана', last_name='Волкова', address='Москва, ул. Поляны, д. 5', metro='Парк культуры', phone='89779899999', delivery_date='23.09.2025', comment='Оставьте у подъезда')"}], "start": 1764234086153, "stop": 1764234096327, "uuid": "79533c0b-4957-44a8-b83a-04494b8ff06b", "historyId": "293abe19526d5a004b1c51e000b216e1", "testCaseId": "f34492dd382923184f1b8aeaad6fa4f3", "fullName": "tests.test_order_page.TestOrderFlow#test_order_from_header", "labels": [{"name": "parentSuite", "value": "tests"}, {"name": "suite", "value": "test_order_page"}, {"name": "subSuite", "value": "TestOrderFlow"}, {"name": "host", "value": "DESKTOP-LT83U2L"}, {"name": "thread", "value": "14784-MainThread"}, {"name": "framework", "value": "pytest"}, {"name": "language", "value": "cpython3"}, {"name": "package", "value": "tests.test_order_page"}], "titlePath": ["tests", "test_order_page.py", "TestOrderFlow"]}