{"name": "Переход на главную страницу Самоката по клику на логотип \"Самокат\"", "status": "broken", "statusDetails": {"message": "selenium.common.exceptions.TimeoutException: Message: \nStacktrace:\nRemoteError@chrome://remote/content/shared/RemoteError.sys.mjs:8:8\nWebDriverError@chrome://remote/content/shared/webdriver/Errors.sys.mjs:202:5\nNoSuchElementError@chrome://remote/content/shared/webdriver/Errors.sys.mjs:555:5\ndom.find/</<@chrome://remote/content/shared/DOM.sys.mjs:136:16", "trace": "self = <tests.test_header_page.TestMainPageHeader object at 0x0000026FA1233FD0>\ndriver = <selenium.webdriver.firefox.webdriver.WebDriver (session=\"3b9f2548-52ae-4be8-9c53-517648c1e040\")>\n\n    @allure.title('Переход на главную страницу Самоката по клику на логотип \"Самокат\"')\n    @allure.description(\n        '1) Открываем форму заказа из хедера; '\n        '2) Кликаем по логотипу Самоката; '\n        '3) Проверяем, что вернулись на главную и виден заголовок \"Учебный тренажер\".'\n    )\n    def test_scooter_logo_opens_main_page(self, driver):\n        header = Header(driver)\n        main_page = MainPage(driver)\n    \n        main_page.accept_cookies()\n>       header.open_order_form_from_header()\n\ntests\\test_header_page.py:24: \n_ _ _ _ _ _ _ _ _ _ _ _ _ _ _ _ _ _ _ _ _ _ _ _ _ _ _ _ _ _ _ _ _ _ _ _ _ _ _ _ _ _ _ _ _ _ _ _ _ _ _ _ _ _ _ _ _ _ _ _ _ _ _ _ _ _ _ _ _\npages\\home_page.py:22: in open_order_form_from_header\n    self.click(HeaderLocators.ORDER_BUTTON)\npages\\base_page.py:25: in click\n    self.wait_clickable(locator).click()\n    ^^^^^^^^^^^^^^^^^^^^^^^^^^^^\npages\\base_page.py:20: in wait_clickable\n    return WebDriverWait(self.driver, self.timeout).until(\n_ _ _ _ _ _ _ _ _ _ _ _ _ _ _ _ _ _ _ _ _ _ _ _ _ _ _ _ _ _ _ _ _ _ _ _ _ _ _ _ _ _ _ _ _ _ _ _ _ _ _ _ _ _ _ _ _ _ _ _ _ _ _ _ _ _ _ _ _\n\nself = <selenium.webdriver.support.wait.WebDriverWait (session=\"3b9f2548-52ae-4be8-9c53-517648c1e040\")>\nmethod = <function element_to_be_clickable.<locals>._predicate at 0x0000026FA12987C0>, message = ''\n\n    def until(self, method: Callable[[D], Union[Literal[False], T]], message: str = \"\") -> T:\n        \"\"\"Calls the method provided with the driver as an argument until the \\\n        return value does not evaluate to ``False``.\n    \n        :param method: callable(WebDriver)\n        :param message: optional message for :exc:`TimeoutException`\n        :returns: the result of the last call to `method`\n        :raises: :exc:`selenium.common.exceptions.TimeoutException` if timeout occurs\n        \"\"\"\n        screen = None\n        stacktrace = None\n    \n        end_time = time.monotonic() + self._timeout\n        while True:\n            try:\n                value = method(self._driver)\n                if value:\n                    return value\n            except self._ignored_exceptions as exc:\n                screen = getattr(exc, \"screen\", None)\n                stacktrace = getattr(exc, \"stacktrace\", None)\n            time.sleep(self._poll)\n            if time.monotonic() > end_time:\n                break\n>       raise TimeoutException(message, screen, stacktrace)\nE       selenium.common.exceptions.TimeoutException: Message: \nE       Stacktrace:\nE       RemoteError@chrome://remote/content/shared/RemoteError.sys.mjs:8:8\nE       WebDriverError@chrome://remote/content/shared/webdriver/Errors.sys.mjs:202:5\nE       NoSuchElementError@chrome://remote/content/shared/webdriver/Errors.sys.mjs:555:5\nE       dom.find/</<@chrome://remote/content/shared/DOM.sys.mjs:136:16\n\n.venv\\Lib\\site-packages\\selenium\\webdriver\\support\\wait.py:105: TimeoutException"}, "description": "1) Открываем форму заказа из хедера; 2) Кликаем по логотипу Самоката; 3) Проверяем, что вернулись на главную и виден заголовок \"Учебный тренажер\".", "steps": [{"name": "Принимаем cookie на главной странице", "status": "passed", "start": 1764233929251, "stop": 1764233929361}, {"name": "Открываем форму заказа по кнопке \"Заказать\" в хедере", "status": "broken", "statusDetails": {"message": "selenium.common.exceptions.TimeoutException: Message: \nStacktrace:\nRemoteError@chrome://remote/content/shared/RemoteError.sys.mjs:8:8\nWebDriverError@chrome://remote/content/shared/webdriver/Errors.sys.mjs:202:5\nNoSuchElementError@chrome://remote/content/shared/webdriver/Errors.sys.mjs:555:5\ndom.find/</<@chrome://remote/content/shared/DOM.sys.mjs:136:16\n\n", "trace": "  File \"c:\\VCE\\Python\\qa_pyton_sprint_6\\.venv\\Lib\\site-packages\\allure_commons\\_allure.py\", line 202, in impl\n    return func(*a, **kw)\n           ^^^^^^^^^^^^^^\n  File \"C:\\VCE\\Python\\qa_pyton_sprint_6\\pages\\home_page.py\", line 22, in open_order_form_from_header\n    self.click(HeaderLocators.ORDER_BUTTON)\n  File \"C:\\VCE\\Python\\qa_pyton_sprint_6\\pages\\base_page.py\", line 25, in click\n    self.wait_clickable(locator).click()\n    ^^^^^^^^^^^^^^^^^^^^^^^^^^^^\n  File \"C:\\VCE\\Python\\qa_pyton_sprint_6\\pages\\base_page.py\", line 20, in wait_clickable\n    return WebDriverWait(self.driver, self.timeout).until(\n           ^^^^^^^^^^^^^^^^^^^^^^^^^^^^^^^^^^^^^^^^^^^^^^^\n  File \"c:\\VCE\\Python\\qa_pyton_sprint_6\\.venv\\Lib\\site-packages\\selenium\\webdriver\\support\\wait.py\", line 105, in until\n    raise TimeoutException(message, screen, stacktrace)\n"}, "start": 1764233929361, "stop": 1764233939462}], "start": 1764233929251, "stop": 1764233939462, "uuid": "0ca3844a-d5dd-4a96-b073-d63640b12250", "historyId": "fc601d6ad76aa1e84b7804810f5b7e61", "testCaseId": "fc601d6ad76aa1e84b7804810f5b7e61", "fullName": "tests.test_header_page.TestMainPageHeader#test_scooter_logo_opens_main_page", "labels": [{"name": "parentSuite", "value": "tests"}, {"name": "suite", "value": "test_header_page"}, {"name": "subSuite", "value": "TestMainPageHeader"}, {"name": "host", "value": "DESKTOP-LT83U2L"}, {"name": "thread", "value": "14784-MainThread"}, {"name": "framework", "value": "pytest"}, {"name": "language", "value": "cpython3"}, {"name": "package", "value": "tests.test_header_page"}], "titlePath": ["tests", "test_header_page.py", "TestMainPageHeader"]}