{"name": "Позитивный сценарий заказа самоката (2 точки входа × 2 набора данных)", "status": "broken", "statusDetails": {"message": "selenium.common.exceptions.TimeoutException: Message:", "trace": "entry_point = 'main'\nuser = OrderUser(first_name='Дана', last_name='Волкова', address='Москва, ул. Поляны, д. 5', metro='Парк культуры', phone='89779899999', delivery_date='23.09.2025', comment='Оставьте у подъезда')\ndriver = <selenium.webdriver.firefox.webdriver.WebDriver (session=\"50e5aa89-3bcc-4751-9c5b-88774d9a25b9\")>\nopen_order_form = <function open_order_form.<locals>._open at 0x000001597A3BF1A0>\n\n    @pytest.mark.parametrize(\n        \"entry_point,user\",\n        [\n            (\"header\", ORDER_USERS[0]),\n            (\"main\",   ORDER_USERS[1]),\n        ],\n        ids=[\"from_header\", \"from_main_button\"]\n    )\n    @allure.title(\"Позитивный сценарий заказа самоката (2 точки входа × 2 набора данных)\")\n    def test_order_flow(entry_point, user, driver, open_order_form):\n>       order_page: OrderPage = open_order_form(entry_point)\n                                ^^^^^^^^^^^^^^^^^^^^^^^^^^^^\n\ntests\\test_order_page.py:22: \n_ _ _ _ _ _ _ _ _ _ _ _ _ _ _ _ _ _ _ _ _ _ _ _ _ _ _ _ _ _ _ _ _ _ _ _ _ _ _ _ _ _ _ _ _ _ _ _ _ _ _ _ _ _ _ _ _ _ _ _ _ _ _ _ _ _ _ _ _\nconftest.py:48: in _open\n    main.open_order_form_from_main_button()\npages\\home_page.py:48: in open_order_form_from_main_button\n    self.click(MainPageLocators.MIDDLE_ORDER_BUTTON)\npages\\base_page.py:43: in click\n    self.wait_clickable(locator).click()\n    ^^^^^^^^^^^^^^^^^^^^^^^^^^^^\npages\\base_page.py:24: in wait_clickable\n    return WebDriverWait(self.driver, timeout or self.timeout).until(\n_ _ _ _ _ _ _ _ _ _ _ _ _ _ _ _ _ _ _ _ _ _ _ _ _ _ _ _ _ _ _ _ _ _ _ _ _ _ _ _ _ _ _ _ _ _ _ _ _ _ _ _ _ _ _ _ _ _ _ _ _ _ _ _ _ _ _ _ _\n\nself = <selenium.webdriver.support.wait.WebDriverWait (session=\"50e5aa89-3bcc-4751-9c5b-88774d9a25b9\")>\nmethod = <function element_to_be_clickable.<locals>._predicate at 0x000001597A8154E0>, message = ''\n\n    def until(self, method: Callable[[D], Union[Literal[False], T]], message: str = \"\") -> T:\n        \"\"\"Calls the method provided with the driver as an argument until the \\\n        return value does not evaluate to ``False``.\n    \n        :param method: callable(WebDriver)\n        :param message: optional message for :exc:`TimeoutException`\n        :returns: the result of the last call to `method`\n        :raises: :exc:`selenium.common.exceptions.TimeoutException` if timeout occurs\n        \"\"\"\n        screen = None\n        stacktrace = None\n    \n        end_time = time.monotonic() + self._timeout\n        while True:\n            try:\n                value = method(self._driver)\n                if value:\n                    return value\n            except self._ignored_exceptions as exc:\n                screen = getattr(exc, \"screen\", None)\n                stacktrace = getattr(exc, \"stacktrace\", None)\n            time.sleep(self._poll)\n            if time.monotonic() > end_time:\n                break\n>       raise TimeoutException(message, screen, stacktrace)\nE       selenium.common.exceptions.TimeoutException: Message:\n\n.venv\\Lib\\site-packages\\selenium\\webdriver\\support\\wait.py:105: TimeoutException"}, "steps": [{"name": "Принять cookies (если есть)", "status": "passed", "start": 1764231720436, "stop": 1764231720532}, {"name": "Открыть форму заказа с центральной кнопки", "status": "broken", "statusDetails": {"message": "selenium.common.exceptions.TimeoutException: Message: \n\n", "trace": "  File \"c:\\VCE\\Python\\qa_pyton_sprint_6\\.venv\\Lib\\site-packages\\allure_commons\\_allure.py\", line 202, in impl\n    return func(*a, **kw)\n           ^^^^^^^^^^^^^^\n  File \"C:\\VCE\\Python\\qa_pyton_sprint_6\\pages\\home_page.py\", line 48, in open_order_form_from_main_button\n    self.click(MainPageLocators.MIDDLE_ORDER_BUTTON)\n  File \"C:\\VCE\\Python\\qa_pyton_sprint_6\\pages\\base_page.py\", line 43, in click\n    self.wait_clickable(locator).click()\n    ^^^^^^^^^^^^^^^^^^^^^^^^^^^^\n  File \"C:\\VCE\\Python\\qa_pyton_sprint_6\\pages\\base_page.py\", line 24, in wait_clickable\n    return WebDriverWait(self.driver, timeout or self.timeout).until(\n           ^^^^^^^^^^^^^^^^^^^^^^^^^^^^^^^^^^^^^^^^^^^^^^^^^^^^^^^^^^\n  File \"c:\\VCE\\Python\\qa_pyton_sprint_6\\.venv\\Lib\\site-packages\\selenium\\webdriver\\support\\wait.py\", line 105, in until\n    raise TimeoutException(message, screen, stacktrace)\n"}, "start": 1764231720532, "stop": 1764231730780}], "parameters": [{"name": "entry_point", "value": "'main'"}, {"name": "user", "value": "OrderUser(first_name='Дана', last_name='Волкова', address='Москва, ул. Поляны, д. 5', metro='Парк культуры', phone='89779899999', delivery_date='23.09.2025', comment='Оставьте у подъезда')"}], "start": 1764231720436, "stop": 1764231730780, "uuid": "bec257a6-cea8-46e6-8a76-42466147c745", "historyId": "9f45a1c959ccc294c4874a4a4a9af167", "testCaseId": "069f34b99946fa59886abceef0ccec6a", "fullName": "tests.test_order_page#test_order_flow", "labels": [{"name": "parentSuite", "value": "tests"}, {"name": "suite", "value": "test_order_page"}, {"name": "host", "value": "DESKTOP-LT83U2L"}, {"name": "thread", "value": "11132-MainThread"}, {"name": "framework", "value": "pytest"}, {"name": "language", "value": "cpython3"}, {"name": "package", "value": "tests.test_order_page"}], "titlePath": ["tests", "test_order_page.py"]}